<?xml version="1.0" encoding="UTF-8"?>
<!-- Generated by org.testng.reporters.JUnitReportReporter -->
<testsuite name="com.test.automation.uiAutomation.homePage.VerifyRegistration" tests="1" time="13.553" ignored="0" failures="0" timestamp="06 Mar 2018 04:48:46 GMT" skipped="0" hostname="abc-PC" errors="0">
  <testcase name="verifyRegistration" time="13.553" classname="com.test.automation.uiAutomation.homePage.VerifyRegistration"/>
</testsuite> <!-- com.test.automation.uiAutomation.homePage.VerifyRegistration -->
