<?xml version="1.0" encoding="UTF-8"?>
<!-- Generated by org.testng.reporters.JUnitReportReporter -->
<testsuite name="com.test.automation.uiAutomation.homePage.TC_003_VerifyLoginWithDifferentRecords" tests="5" time="146.962" ignored="0" failures="0" timestamp="18 Mar 2018 07:29:11 GMT" skipped="0" hostname="abc-PC" errors="0">
  <testcase name="testLogin" time="25.954" classname="com.test.automation.uiAutomation.homePage.TC_003_VerifyLoginWithDifferentRecords"/>
  <testcase name="testLogin" time="22.603" classname="com.test.automation.uiAutomation.homePage.TC_003_VerifyLoginWithDifferentRecords"/>
  <testcase name="testLogin" time="34.013" classname="com.test.automation.uiAutomation.homePage.TC_003_VerifyLoginWithDifferentRecords"/>
  <testcase name="testLogin" time="29.166" classname="com.test.automation.uiAutomation.homePage.TC_003_VerifyLoginWithDifferentRecords"/>
  <testcase name="testLogin" time="35.226" classname="com.test.automation.uiAutomation.homePage.TC_003_VerifyLoginWithDifferentRecords"/>
</testsuite> <!-- com.test.automation.uiAutomation.homePage.TC_003_VerifyLoginWithDifferentRecords -->
