<?xml version="1.0" encoding="UTF-8"?>
<!-- Generated by org.testng.reporters.JUnitReportReporter -->
<testsuite name="com.test.automation.uiAutomation.homePage.TC001_VerifyLoginWithInvalidCredentials" tests="1" time="11.867" ignored="0" failures="0" timestamp="06 Mar 2018 05:42:14 GMT" skipped="0" hostname="abc-PC" errors="0">
  <testcase name="verifyLoginWithInvalidCredentials" time="11.867" classname="com.test.automation.uiAutomation.homePage.TC001_VerifyLoginWithInvalidCredentials"/>
</testsuite> <!-- com.test.automation.uiAutomation.homePage.TC001_VerifyLoginWithInvalidCredentials -->
