<?xml version="1.0" encoding="UTF-8"?>
<!-- Generated by org.testng.reporters.JUnitReportReporter -->
<testsuite name="com.test.automation.uiAutomation.homePage.TC_003_VerifyLoginWithDifferentRecords" tests="7" time="166.803" ignored="0" failures="0" timestamp="07 Mar 2018 07:34:53 GMT" skipped="0" hostname="abc-PC" errors="0">
  <testcase name="testLogin" time="23.551" classname="com.test.automation.uiAutomation.homePage.TC_003_VerifyLoginWithDifferentRecords"/>
  <testcase name="testLogin" time="23.239" classname="com.test.automation.uiAutomation.homePage.TC_003_VerifyLoginWithDifferentRecords"/>
  <testcase name="testLogin" time="24.604" classname="com.test.automation.uiAutomation.homePage.TC_003_VerifyLoginWithDifferentRecords"/>
  <testcase name="testLogin" time="23.819" classname="com.test.automation.uiAutomation.homePage.TC_003_VerifyLoginWithDifferentRecords"/>
  <testcase name="testLogin" time="26.438" classname="com.test.automation.uiAutomation.homePage.TC_003_VerifyLoginWithDifferentRecords"/>
  <testcase name="testLogin" time="20.909" classname="com.test.automation.uiAutomation.homePage.TC_003_VerifyLoginWithDifferentRecords"/>
  <testcase name="testLogin" time="24.243" classname="com.test.automation.uiAutomation.homePage.TC_003_VerifyLoginWithDifferentRecords"/>
</testsuite> <!-- com.test.automation.uiAutomation.homePage.TC_003_VerifyLoginWithDifferentRecords -->
