<?xml version="1.0" encoding="UTF-8"?>
<!-- Generated by org.testng.reporters.JUnitReportReporter -->
<testsuite name="com.test.automation.uiAutomation.addToCart.TC001_VerifyAddToCart" tests="1" time="23.601" ignored="0" failures="0" timestamp="16 Mar 2018 12:27:46 GMT" skipped="0" hostname="abc-PC" errors="0">
  <testcase name="verifyAddToCart" time="23.601" classname="com.test.automation.uiAutomation.addToCart.TC001_VerifyAddToCart"/>
</testsuite> <!-- com.test.automation.uiAutomation.addToCart.TC001_VerifyAddToCart -->
